<?xml version="1.0" encoding="UTF-8"?>
<!-- Generated by org.testng.reporters.JUnitXMLReporter -->
<testsuite hostname="Admin-PC" ignored="4" name="RestAssured Test Automation Test Cases" tests="19" failures="1" timestamp="03 Oct 2019 17:14:16 GMT" time="7.712" errors="0">
  <testcase name="validateResponseBody" time="0.041" classname="com.qa.rest.AuthTestCases.BasicAuthenticationTest"/>
  <testcase name="validateResponseBody" time="0.007" classname="com.qa.rest.TestCases.CustomerPostCallTest">
    <failure type="java.lang.AssertionError" message="expected [true] but found [false]">
      <![CDATA[java.lang.AssertionError: expected [true] but found [false]
	at com.qa.rest.TestCases.CustomerPostCallTest.validateResponseBody(CustomerPostCallTest.java:71)
... Removed 31 stack frames]]>
    </failure>
  </testcase> <!-- validateResponseBody -->
  <testcase name="printResponseBody" time="0.005" classname="com.qa.rest.TestCases.CustomerPostCallJavaObjectsTest"/>
  <testcase name="validateStatusCode" time="0.002" classname="com.qa.rest.TestCases.DeleteCallTest"/>
  <testcase name="validateResponseBody" time="0.005" classname="com.qa.rest.TestCases.PutCallTest"/>
  <testcase name="validateStatusCode" time="0.003" classname="com.qa.rest.AuthTestCases.BasicAuthenticationTest"/>
  <testcase name="validateStatusCode" time="0.454" classname="com.qa.rest.TestCases.CustomerPostCallTest"/>
  <testcase name="printStatusCode" time="0.001" classname="com.qa.rest.TestCases.CustomerPostCallJavaObjectsTest"/>
  <testcase name="printHeaders" time="0.004" classname="com.qa.rest.TestCases.DeleteCallTest"/>
  <testcase name="validateStatusCode" time="0.001" classname="com.qa.rest.TestCases.PutCallTest"/>
  <testcase name="printStatusLine" time="0.005" classname="com.qa.rest.AuthTestCases.BasicAuthenticationTest"/>
  <testcase name="printStatusLine" time="0.001" classname="com.qa.rest.TestCases.PutCallTest"/>
  <testcase name="printStatusLine" time="0.001" classname="com.qa.rest.TestCases.CustomerPostCallTest"/>
  <testcase name="printStatusLine" time="0.001" classname="com.qa.rest.TestCases.CustomerPostCallJavaObjectsTest"/>
  <testcase name="printHeaders" time="0.003" classname="com.qa.rest.AuthTestCases.BasicAuthenticationTest"/>
  <testcase name="printHeaders" time="0.002" classname="com.qa.rest.TestCases.PutCallTest"/>
  <testcase name="printAllHeaders" time="0.002" classname="com.qa.rest.TestCases.CustomerPostCallTest"/>
  <testcase name="validateResponseBody" time="0.174" classname="com.qa.rest.TestCases.CustomerPostCallJavaObjectsTest"/>
  <testcase name="validateResponseBodyValues" time="0.073" classname="com.qa.rest.AuthTestCases.BasicAuthenticationTest"/>
  <testcase name="@BeforeTest setLog4J" time="0.0" classname="com.qa.rest.BaseClass.TestBase">
    <ignored/>
  </testcase> <!-- @BeforeTest setLog4J -->
  <testcase name="@BeforeTest setLog4J" time="0.0" classname="com.qa.rest.BaseClass.TestBase">
    <ignored/>
  </testcase> <!-- @BeforeTest setLog4J -->
  <testcase name="@BeforeTest setLog4J" time="0.0" classname="com.qa.rest.BaseClass.TestBase">
    <ignored/>
  </testcase> <!-- @BeforeTest setLog4J -->
  <testcase name="@BeforeTest setLog4J" time="0.0" classname="com.qa.rest.BaseClass.TestBase">
    <ignored/>
  </testcase> <!-- @BeforeTest setLog4J -->
</testsuite> <!-- RestAssured Test Automation Test Cases -->
